Build started 4.10.2013 17:35:20.
     1>Project "F:\CEN133-SOFTWARE ENGINEER\PROJECTS\CELSIUS TO FAHRENHEIT TEMPERATURES\CELSIUS TO FAHRENHEIT TEMPERATURES\CELSIUS TO FAHRENHEIT TEMPERATURES.vcxproj" on node 2 (build target(s)).
     1>InitializeBuildStatus:
         Creating "Debug\CELSIUS TO FAHRENHEIT TEMPERATURES.unsuccessfulbuild" because "AlwaysCreate" was specified.
       ClCompile:
         C:\Program Files (x86)\Microsoft Visual Studio 10.0\VC\bin\CL.exe /c /ZI /nologo /W3 /WX- /Od /Oy- /D "WIN32" /D _DEBUG /D _CONSOLE /D "_UNICODE" /D "UNICODE" /Gm /EHsc /RTC1 /MDd /GS /fp:precise /Zc:wchar_t /Zc:forScope /Fo"Debug\\" /Fd"Debug\vc100.pdb" /Gd /TC /analyze- /errorReport:prompt temprature.c
         temprature.c
       ManifestResourceCompile:
         All outputs are up-to-date.
       Link:
         C:\Program Files (x86)\Microsoft Visual Studio 10.0\VC\bin\link.exe /ERRORREPORT:PROMPT /OUT:"F:\CEN133-SOFTWARE ENGINEER\PROJECTS\CELSIUS TO FAHRENHEIT TEMPERATURES\Debug\CELSIUS TO FAHRENHEIT TEMPERATURES.exe" /INCREMENTAL /NOLOGO kernel32.lib user32.lib gdi32.lib winspool.lib comdlg32.lib advapi32.lib shell32.lib ole32.lib oleaut32.lib uuid.lib odbc32.lib odbccp32.lib /MANIFEST /ManifestFile:"Debug\CELSIUS TO FAHRENHEIT TEMPERATURES.exe.intermediate.manifest" /MANIFESTUAC:"level='asInvoker' uiAccess='false'" /DEBUG /PDB:"F:\CEN133-SOFTWARE ENGINEER\PROJECTS\CELSIUS TO FAHRENHEIT TEMPERATURES\Debug\CELSIUS TO FAHRENHEIT TEMPERATURES.pdb" /SUBSYSTEM:CONSOLE /TLBID:1 /DYNAMICBASE /NXCOMPAT /IMPLIB:"F:\CEN133-SOFTWARE ENGINEER\PROJECTS\CELSIUS TO FAHRENHEIT TEMPERATURES\Debug\CELSIUS TO FAHRENHEIT TEMPERATURES.lib" /MACHINE:X86 "Debug\CELSIUS TO FAHRENHEIT TEMPERATURES.exe.embed.manifest.res"
         Debug\temprature.obj
       Manifest:
         C:\Program Files (x86)\Microsoft SDKs\Windows\v7.0A\bin\mt.exe /nologo /verbose /out:"Debug\CELSIUS TO FAHRENHEIT TEMPERATURES.exe.embed.manifest" /manifest "Debug\CELSIUS TO FAHRENHEIT TEMPERATURES.exe.intermediate.manifest"
         All outputs are up-to-date.
       LinkEmbedManifest:
         All outputs are up-to-date.
         CELSIUS TO FAHRENHEIT TEMPERATURES.vcxproj -> F:\CEN133-SOFTWARE ENGINEER\PROJECTS\CELSIUS TO FAHRENHEIT TEMPERATURES\Debug\CELSIUS TO FAHRENHEIT TEMPERATURES.exe
       FinalizeBuildStatus:
         Deleting file "Debug\CELSIUS TO FAHRENHEIT TEMPERATURES.unsuccessfulbuild".
         Touching "Debug\CELSIUS TO FAHRENHEIT TEMPERATURES.lastbuildstate".
     1>Done Building Project "F:\CEN133-SOFTWARE ENGINEER\PROJECTS\CELSIUS TO FAHRENHEIT TEMPERATURES\CELSIUS TO FAHRENHEIT TEMPERATURES\CELSIUS TO FAHRENHEIT TEMPERATURES.vcxproj" (build target(s)).

Build succeeded.

Time Elapsed 00:00:00.40
